Using pre-set license
Built from '2020.2/release' branch; Version is '2020.2.2f1 (068178b99f32) revision 426360'; Using compiler version '192528614'; Build Type 'Release'
OS: 'Windows 10 Home; OS build 19042.1237; Version 2009; 64bit' Language: 'en' Physical Memory: 16122 MB
BatchMode: 1, IsHumanControllingUs: 0, StartBugReporterOnCrash: 0, Is64bit: 1, IsPro: 0

 COMMAND LINE ARGUMENTS:
C:\Program Files\Unity\Hub\Editor\2020.2.2f1\Editor\Unity.exe
-adb2
-batchMode
-noUpm
-name
AssetImportWorker0
-projectPath
C:/Users/piehu/Documents/GitHub/UntitledExplosionGame
-logFile
Logs/AssetImportWorker0.log
-srvPort
52423
Successfully changed project path to: C:/Users/piehu/Documents/GitHub/UntitledExplosionGame
C:/Users/piehu/Documents/GitHub/UntitledExplosionGame
Using Asset Import Pipeline V2.
Refreshing native plugins compatible for Editor in 97.20 ms, found 0 plugins.
Preloading 0 native plugins for Editor in 0.00 ms.
Initialize engine version: 2020.2.2f1 (068178b99f32)
[Subsystems] Discovering subsystems at path C:/Program Files/Unity/Hub/Editor/2020.2.2f1/Editor/Data/Resources/UnitySubsystems
[Subsystems] Discovering subsystems at path C:/Users/piehu/Documents/GitHub/UntitledExplosionGame/Assets
GfxDevice: creating device client; threaded=0
Direct3D:
    Version:  Direct3D 11.0 [level 11.1]
    Renderer: NVIDIA GeForce GTX 1650 Ti with Max-Q Design (ID=0x1f95)
    Vendor:   
    VRAM:     3962 MB
    Driver:   27.21.14.6647
Initialize mono
Mono path[0] = 'C:/Program Files/Unity/Hub/Editor/2020.2.2f1/Editor/Data/Managed'
Mono path[1] = 'C:/Program Files/Unity/Hub/Editor/2020.2.2f1/Editor/Data/MonoBleedingEdge/lib/mono/unityjit'
Mono config path = 'C:/Program Files/Unity/Hub/Editor/2020.2.2f1/Editor/Data/MonoBleedingEdge/etc'
Using monoOptions --debugger-agent=transport=dt_socket,embedding=1,server=y,suspend=n,address=127.0.0.1:56480
Begin MonoManager ReloadAssembly
Registering precompiled unity dll's ...
Register platform support module: C:/Program Files/Unity/Hub/Editor/2020.2.2f1/Editor/Data/PlaybackEngines/WindowsStandaloneSupport/UnityEditor.WindowsStandalone.Extensions.dll
Registered in 0.001957 seconds.
Native extension for WindowsStandalone target not found
Refreshing native plugins compatible for Editor in 34.51 ms, found 0 plugins.
Preloading 0 native plugins for Editor in 0.00 ms.
Invoked RoslynAnalysisRunner static constructor.
RoslynAnalysisRunner will not be running.
RoslynAnalysisRunner has terminated.
Mono: successfully reloaded assembly
- Completed reload, in  2.558 seconds
Platform modules already initialized, skipping
Registering precompiled user dll's ...
Registered in 0.001099 seconds.
Begin MonoManager ReloadAssembly
Native extension for WindowsStandalone target not found
Refreshing native plugins compatible for Editor in 0.34 ms, found 0 plugins.
Preloading 0 native plugins for Editor in 0.00 ms.
Invoked RoslynAnalysisRunner static constructor.
RoslynAnalysisRunner will not be running.
RoslynAnalysisRunner has terminated.
Mono: successfully reloaded assembly
- Completed reload, in  1.721 seconds
Platform modules already initialized, skipping
========================================================================
Worker process is ready to serve import requests
Launched and connected shader compiler UnityShaderCompiler.exe after 0.07 seconds
Refreshing native plugins compatible for Editor in 0.59 ms, found 0 plugins.
Preloading 0 native plugins for Editor in 0.00 ms.
Unloading 1471 Unused Serialized files (Serialized files now loaded: 0)
System memory in use before: 73.0 MB.
System memory in use after: 73.0 MB.

Unloading 68 unused Assets to reduce memory usage. Loaded Objects now: 1907.
Total: 3.405000 ms (FindLiveObjects: 0.438600 ms CreateObjectMapping: 0.151200 ms MarkObjects: 2.503600 ms  DeleteObjects: 0.308500 ms)

========================================================================
Received Import Request.
  path: Assets/UntitledExplosionGame/Scripts/Explosion Scripts
  artifactKey: Guid(ee0db92362a5c844a8cdef40aba9a10e) Importer(815301076,1909f56bfc062723c751e8b465ee728b)
Start importing Assets/UntitledExplosionGame/Scripts/Explosion Scripts using Guid(ee0db92362a5c844a8cdef40aba9a10e) Importer(815301076,1909f56bfc062723c751e8b465ee728b)  -> (artifact id: '8b1f7515a68abd3c01d69c8ca69a7872') in 0.016570 seconds
  Import took 0.020824 seconds .

========================================================================
Received Import Request.
  Time since last request: 1.587671 seconds.
  path: Assets/UntitledExplosionGame/Scripts/Player Scripts
  artifactKey: Guid(668a66278756b74469d7e4d425d4af86) Importer(815301076,1909f56bfc062723c751e8b465ee728b)
Start importing Assets/UntitledExplosionGame/Scripts/Player Scripts using Guid(668a66278756b74469d7e4d425d4af86) Importer(815301076,1909f56bfc062723c751e8b465ee728b)  -> (artifact id: '1dce8a0f01af95ca836773e96f3ad98c') in 0.011382 seconds
  Import took 0.014541 seconds .

========================================================================
Received Import Request.
  Time since last request: 0.000297 seconds.
  path: Assets/UntitledExplosionGame/Scripts/Player Scripts
  artifactKey: Guid(668a66278756b74469d7e4d425d4af86) Importer(815301076,1909f56bfc062723c751e8b465ee728b)
Start importing Assets/UntitledExplosionGame/Scripts/Player Scripts using Guid(668a66278756b74469d7e4d425d4af86) Importer(815301076,1909f56bfc062723c751e8b465ee728b)  -> (artifact id: '1dce8a0f01af95ca836773e96f3ad98c') in 0.003325 seconds
  Import took 0.006122 seconds .

========================================================================
Received Import Request.
  Time since last request: 6.326861 seconds.
  path: Assets/UntitledExplosionGame/Scripts/Player Scripts/Movement.cs
  artifactKey: Guid(294ad5d987ccc2943a324f5d05f471d2) Importer(815301076,1909f56bfc062723c751e8b465ee728b)
Start importing Assets/UntitledExplosionGame/Scripts/Player Scripts/Movement.cs using Guid(294ad5d987ccc2943a324f5d05f471d2) Importer(815301076,1909f56bfc062723c751e8b465ee728b)  -> (artifact id: 'f22a34fe4191ab3fe9c197eebedaf64b') in 0.035477 seconds
  Import took 0.038609 seconds .

========================================================================
Received Import Request.
  Time since last request: 0.009682 seconds.
  path: Assets/UntitledExplosionGame/Scripts/Player Scripts/Movement.cs
  artifactKey: Guid(294ad5d987ccc2943a324f5d05f471d2) Importer(815301076,1909f56bfc062723c751e8b465ee728b)
Start importing Assets/UntitledExplosionGame/Scripts/Player Scripts/Movement.cs using Guid(294ad5d987ccc2943a324f5d05f471d2) Importer(815301076,1909f56bfc062723c751e8b465ee728b)  -> (artifact id: 'f22a34fe4191ab3fe9c197eebedaf64b') in 0.003131 seconds
  Import took 0.006260 seconds .

========================================================================
Received Prepare
Registering precompiled user dll's ...
Registered in 0.000739 seconds.
Begin MonoManager ReloadAssembly
Native extension for WindowsStandalone target not found
Refreshing native plugins compatible for Editor in 0.44 ms, found 0 plugins.
Preloading 0 native plugins for Editor in 0.00 ms.
Warning: Annotation not found!
UnityEngine.StackTraceUtility:ExtractStackTrace ()
UnityEditor.ProBuilder.EditorUtility:SetGizmoIconEnabled (System.Type,bool) (at Library/PackageCache/com.unity.probuilder@4.4.0/Editor/EditorCore/EditorUtility.cs:593)
UnityEditor.ProBuilder.HierarchyListener:.cctor () (at Library/PackageCache/com.unity.probuilder@4.4.0/Editor/EditorCore/HierarchyListener.cs:21)
System.Runtime.CompilerServices.RuntimeHelpers:RunClassConstructor (System.RuntimeTypeHandle)
UnityEditor.EditorAssemblies:ProcessInitializeOnLoadAttributes (System.Type[])

[Library/PackageCache/com.unity.probuilder@4.4.0/Editor/EditorCore/EditorUtility.cs line 593]

Invoked RoslynAnalysisRunner static constructor.
RoslynAnalysisRunner will not be running.
RoslynAnalysisRunner has terminated.
Mono: successfully reloaded assembly
- Completed reload, in  1.218 seconds
Platform modules already initialized, skipping
Refreshing native plugins compatible for Editor in 0.33 ms, found 0 plugins.
Preloading 0 native plugins for Editor in 0.00 ms.
Unloading 1437 Unused Serialized files (Serialized files now loaded: 0)
System memory in use before: 71.3 MB.
System memory in use after: 71.3 MB.

Unloading 6 unused Assets to reduce memory usage. Loaded Objects now: 1910.
Total: 2.861600 ms (FindLiveObjects: 0.258900 ms CreateObjectMapping: 0.097800 ms MarkObjects: 2.350300 ms  DeleteObjects: 0.152300 ms)

========================================================================
Received Import Request.
  Time since last request: 175.831609 seconds.
  path: Assets/UntitledExplosionGame/Scripts/Player Scripts/Respawn.cs
  artifactKey: Guid(7c57a1611f958cf4f95c6caa0ca3cc2c) Importer(815301076,1909f56bfc062723c751e8b465ee728b)
Start importing Assets/UntitledExplosionGame/Scripts/Player Scripts/Respawn.cs using Guid(7c57a1611f958cf4f95c6caa0ca3cc2c) Importer(815301076,1909f56bfc062723c751e8b465ee728b)  -> (artifact id: '9f2dd9b98d2419b7e5800fb865c9c4a9') in 0.012910 seconds
  Import took 0.017342 seconds .

========================================================================
Received Import Request.
  Time since last request: 0.031708 seconds.
  path: Assets/UntitledExplosionGame/Scripts/Player Scripts/Respawn.cs
  artifactKey: Guid(7c57a1611f958cf4f95c6caa0ca3cc2c) Importer(815301076,1909f56bfc062723c751e8b465ee728b)
Start importing Assets/UntitledExplosionGame/Scripts/Player Scripts/Respawn.cs using Guid(7c57a1611f958cf4f95c6caa0ca3cc2c) Importer(815301076,1909f56bfc062723c751e8b465ee728b)  -> (artifact id: '9f2dd9b98d2419b7e5800fb865c9c4a9') in 0.003938 seconds
  Import took 0.007856 seconds .

========================================================================
Received Prepare
Registering precompiled user dll's ...
Registered in 0.000824 seconds.
Begin MonoManager ReloadAssembly
Native extension for WindowsStandalone target not found
Refreshing native plugins compatible for Editor in 0.32 ms, found 0 plugins.
Preloading 0 native plugins for Editor in 0.00 ms.
Warning: Annotation not found!
UnityEngine.StackTraceUtility:ExtractStackTrace ()
UnityEditor.ProBuilder.EditorUtility:SetGizmoIconEnabled (System.Type,bool) (at Library/PackageCache/com.unity.probuilder@4.4.0/Editor/EditorCore/EditorUtility.cs:593)
UnityEditor.ProBuilder.HierarchyListener:.cctor () (at Library/PackageCache/com.unity.probuilder@4.4.0/Editor/EditorCore/HierarchyListener.cs:21)
System.Runtime.CompilerServices.RuntimeHelpers:RunClassConstructor (System.RuntimeTypeHandle)
UnityEditor.EditorAssemblies:ProcessInitializeOnLoadAttributes (System.Type[])

[Library/PackageCache/com.unity.probuilder@4.4.0/Editor/EditorCore/EditorUtility.cs line 593]

Invoked RoslynAnalysisRunner static constructor.
RoslynAnalysisRunner will not be running.
RoslynAnalysisRunner has terminated.
Mono: successfully reloaded assembly
- Completed reload, in  1.500 seconds
Platform modules already initialized, skipping
Refreshing native plugins compatible for Editor in 0.54 ms, found 0 plugins.
Preloading 0 native plugins for Editor in 0.00 ms.
Unloading 1438 Unused Serialized files (Serialized files now loaded: 0)
System memory in use before: 71.6 MB.
System memory in use after: 71.7 MB.

Unloading 6 unused Assets to reduce memory usage. Loaded Objects now: 1913.
Total: 4.450100 ms (FindLiveObjects: 0.280800 ms CreateObjectMapping: 0.100900 ms MarkObjects: 3.837500 ms  DeleteObjects: 0.227000 ms)

========================================================================
Received Import Request.
  Time since last request: 274.054729 seconds.
  path: Assets/UntitledExplosionGame/Scripts/Player Scripts/Respawn.cs
  artifactKey: Guid(7c57a1611f958cf4f95c6caa0ca3cc2c) Importer(815301076,1909f56bfc062723c751e8b465ee728b)
Start importing Assets/UntitledExplosionGame/Scripts/Player Scripts/Respawn.cs using Guid(7c57a1611f958cf4f95c6caa0ca3cc2c) Importer(815301076,1909f56bfc062723c751e8b465ee728b)  -> (artifact id: '3fa31e8658bdc33a0b88925035ac672a') in 0.015967 seconds
  Import took 0.020711 seconds .

========================================================================
Received Import Request.
  Time since last request: 0.096528 seconds.
  path: Assets/UntitledExplosionGame/Scripts/Player Scripts/Respawn.cs
  artifactKey: Guid(7c57a1611f958cf4f95c6caa0ca3cc2c) Importer(815301076,1909f56bfc062723c751e8b465ee728b)
Start importing Assets/UntitledExplosionGame/Scripts/Player Scripts/Respawn.cs using Guid(7c57a1611f958cf4f95c6caa0ca3cc2c) Importer(815301076,1909f56bfc062723c751e8b465ee728b)  -> (artifact id: '3fa31e8658bdc33a0b88925035ac672a') in 0.003935 seconds
  Import took 0.009685 seconds .

========================================================================
Received Prepare
Registering precompiled user dll's ...
Registered in 0.000990 seconds.
Begin MonoManager ReloadAssembly
Native extension for WindowsStandalone target not found
Refreshing native plugins compatible for Editor in 0.33 ms, found 0 plugins.
Preloading 0 native plugins for Editor in 0.00 ms.
Warning: Annotation not found!
UnityEngine.StackTraceUtility:ExtractStackTrace ()
UnityEditor.ProBuilder.EditorUtility:SetGizmoIconEnabled (System.Type,bool) (at Library/PackageCache/com.unity.probuilder@4.4.0/Editor/EditorCore/EditorUtility.cs:593)
UnityEditor.ProBuilder.HierarchyListener:.cctor () (at Library/PackageCache/com.unity.probuilder@4.4.0/Editor/EditorCore/HierarchyListener.cs:21)
System.Runtime.CompilerServices.RuntimeHelpers:RunClassConstructor (System.RuntimeTypeHandle)
UnityEditor.EditorAssemblies:ProcessInitializeOnLoadAttributes (System.Type[])

[Library/PackageCache/com.unity.probuilder@4.4.0/Editor/EditorCore/EditorUtility.cs line 593]

Invoked RoslynAnalysisRunner static constructor.
RoslynAnalysisRunner will not be running.
RoslynAnalysisRunner has terminated.
Mono: successfully reloaded assembly
- Completed reload, in  1.289 seconds
Platform modules already initialized, skipping
Refreshing native plugins compatible for Editor in 0.37 ms, found 0 plugins.
Preloading 0 native plugins for Editor in 0.00 ms.
Unloading 1438 Unused Serialized files (Serialized files now loaded: 0)
System memory in use before: 72.0 MB.
System memory in use after: 72.0 MB.

Unloading 6 unused Assets to reduce memory usage. Loaded Objects now: 1915.
Total: 3.468400 ms (FindLiveObjects: 0.298100 ms CreateObjectMapping: 0.120900 ms MarkObjects: 2.855500 ms  DeleteObjects: 0.191600 ms)

========================================================================
Received Import Request.
  Time since last request: 237.252784 seconds.
  path: Assets/UntitledExplosionGame/Scenes/PhysicsTesting.unity
  artifactKey: Guid(f9f00b9d690a2f64186a34c4b00d8541) Importer(815301076,1909f56bfc062723c751e8b465ee728b)
Start importing Assets/UntitledExplosionGame/Scenes/PhysicsTesting.unity using Guid(f9f00b9d690a2f64186a34c4b00d8541) Importer(815301076,1909f56bfc062723c751e8b465ee728b)  -> (artifact id: 'a12ae3642f2c864cb48b7867e7f9a93e') in 0.016831 seconds
  Import took 0.020325 seconds .

========================================================================
Received Import Request.
  Time since last request: 133.641766 seconds.
  path: Assets/UntitledExplosionGame/Scenes/SampleScene.unity
  artifactKey: Guid(9fc0d4010bbf28b4594072e72b8655ab) Importer(815301076,1909f56bfc062723c751e8b465ee728b)
Start importing Assets/UntitledExplosionGame/Scenes/SampleScene.unity using Guid(9fc0d4010bbf28b4594072e72b8655ab) Importer(815301076,1909f56bfc062723c751e8b465ee728b)  -> (artifact id: '7a39cdafc0cdd4b240baa7c60d107ffa') in 0.009701 seconds
  Import took 0.013880 seconds .

========================================================================
Received Import Request.
  Time since last request: 0.002018 seconds.
  path: Assets/UntitledExplosionGame/Scenes/SampleScene.unity
  artifactKey: Guid(9fc0d4010bbf28b4594072e72b8655ab) Importer(815301076,1909f56bfc062723c751e8b465ee728b)
Start importing Assets/UntitledExplosionGame/Scenes/SampleScene.unity using Guid(9fc0d4010bbf28b4594072e72b8655ab) Importer(815301076,1909f56bfc062723c751e8b465ee728b)  -> (artifact id: '7a39cdafc0cdd4b240baa7c60d107ffa') in 0.004827 seconds
  Import took 0.008391 seconds .

========================================================================
Received Import Request.
  Time since last request: 458.440127 seconds.
  path: Assets/UntitledExplosionGame/Scripts/Menu Scripts
  artifactKey: Guid(da71aefc3df310544908a6bdeff371c7) Importer(815301076,1909f56bfc062723c751e8b465ee728b)
Start importing Assets/UntitledExplosionGame/Scripts/Menu Scripts using Guid(da71aefc3df310544908a6bdeff371c7) Importer(815301076,1909f56bfc062723c751e8b465ee728b)  -> (artifact id: 'cc6367e21267cb4a9a3ee36d1c44685e') in 0.011802 seconds
  Import took 0.016730 seconds .

========================================================================
Received Prepare
Registering precompiled user dll's ...
Registered in 0.001837 seconds.
Begin MonoManager ReloadAssembly
Native extension for WindowsStandalone target not found
Refreshing native plugins compatible for Editor in 0.37 ms, found 0 plugins.
Preloading 0 native plugins for Editor in 0.00 ms.
Warning: Annotation not found!
UnityEngine.StackTraceUtility:ExtractStackTrace ()
UnityEditor.ProBuilder.EditorUtility:SetGizmoIconEnabled (System.Type,bool) (at Library/PackageCache/com.unity.probuilder@4.4.0/Editor/EditorCore/EditorUtility.cs:593)
UnityEditor.ProBuilder.HierarchyListener:.cctor () (at Library/PackageCache/com.unity.probuilder@4.4.0/Editor/EditorCore/HierarchyListener.cs:21)
System.Runtime.CompilerServices.RuntimeHelpers:RunClassConstructor (System.RuntimeTypeHandle)
UnityEditor.EditorAssemblies:ProcessInitializeOnLoadAttributes (System.Type[])

[Library/PackageCache/com.unity.probuilder@4.4.0/Editor/EditorCore/EditorUtility.cs line 593]

Invoked RoslynAnalysisRunner static constructor.
RoslynAnalysisRunner will not be running.
RoslynAnalysisRunner has terminated.
Mono: successfully reloaded assembly
- Completed reload, in  1.199 seconds
Platform modules already initialized, skipping
Refreshing native plugins compatible for Editor in 0.40 ms, found 0 plugins.
Preloading 0 native plugins for Editor in 0.00 ms.
Unloading 1440 Unused Serialized files (Serialized files now loaded: 0)
System memory in use before: 72.5 MB.
System memory in use after: 72.5 MB.

Unloading 8 unused Assets to reduce memory usage. Loaded Objects now: 1920.
Total: 2.423900 ms (FindLiveObjects: 0.164400 ms CreateObjectMapping: 0.070200 ms MarkObjects: 2.041100 ms  DeleteObjects: 0.146600 ms)

========================================================================
Received Import Request.
  Time since last request: 2709.258780 seconds.
  path: Assets/UntitledExplosionGame/Scripts/Explosion Scripts/ExplosionForce.cs
  artifactKey: Guid(fa17ec9f9d15d6a4ca25bc4458e92c3d) Importer(815301076,1909f56bfc062723c751e8b465ee728b)
Start importing Assets/UntitledExplosionGame/Scripts/Explosion Scripts/ExplosionForce.cs using Guid(fa17ec9f9d15d6a4ca25bc4458e92c3d) Importer(815301076,1909f56bfc062723c751e8b465ee728b)  -> (artifact id: '1f1f779160502072403d19c1975475ff') in 0.024787 seconds
  Import took 0.033860 seconds .

========================================================================
Received Prepare
Registering precompiled user dll's ...
Registered in 0.001913 seconds.
Begin MonoManager ReloadAssembly
Native extension for WindowsStandalone target not found
Refreshing native plugins compatible for Editor in 0.37 ms, found 0 plugins.
Preloading 0 native plugins for Editor in 0.00 ms.
Warning: Annotation not found!
UnityEngine.StackTraceUtility:ExtractStackTrace ()
UnityEditor.ProBuilder.EditorUtility:SetGizmoIconEnabled (System.Type,bool) (at Library/PackageCache/com.unity.probuilder@4.4.0/Editor/EditorCore/EditorUtility.cs:593)
UnityEditor.ProBuilder.HierarchyListener:.cctor () (at Library/PackageCache/com.unity.probuilder@4.4.0/Editor/EditorCore/HierarchyListener.cs:21)
System.Runtime.CompilerServices.RuntimeHelpers:RunClassConstructor (System.RuntimeTypeHandle)
UnityEditor.EditorAssemblies:ProcessInitializeOnLoadAttributes (System.Type[])

[Library/PackageCache/com.unity.probuilder@4.4.0/Editor/EditorCore/EditorUtility.cs line 593]

Invoked RoslynAnalysisRunner static constructor.
RoslynAnalysisRunner will not be running.
RoslynAnalysisRunner has terminated.
Mono: successfully reloaded assembly
- Completed reload, in  1.517 seconds
Platform modules already initialized, skipping
Refreshing native plugins compatible for Editor in 0.43 ms, found 0 plugins.
Preloading 0 native plugins for Editor in 0.00 ms.
Unloading 1441 Unused Serialized files (Serialized files now loaded: 0)
System memory in use before: 72.8 MB.
System memory in use after: 72.9 MB.

Unloading 8 unused Assets to reduce memory usage. Loaded Objects now: 1923.
Total: 4.664600 ms (FindLiveObjects: 0.262700 ms CreateObjectMapping: 0.070700 ms MarkObjects: 4.086200 ms  DeleteObjects: 0.241600 ms)

========================================================================
Received Import Request.
  Time since last request: 129.509605 seconds.
  path: Assets/UntitledExplosionGame/Scripts/Explosion Scripts/ExplosionForce.cs
  artifactKey: Guid(fa17ec9f9d15d6a4ca25bc4458e92c3d) Importer(815301076,1909f56bfc062723c751e8b465ee728b)
Start importing Assets/UntitledExplosionGame/Scripts/Explosion Scripts/ExplosionForce.cs using Guid(fa17ec9f9d15d6a4ca25bc4458e92c3d) Importer(815301076,1909f56bfc062723c751e8b465ee728b)  -> (artifact id: '8d1cdcc3f14dce18588956e2433a5f3d') in 0.010745 seconds
  Import took 0.015328 seconds .

========================================================================
Received Prepare
Registering precompiled user dll's ...
Registered in 0.002712 seconds.
Begin MonoManager ReloadAssembly
Native extension for WindowsStandalone target not found
Refreshing native plugins compatible for Editor in 0.46 ms, found 0 plugins.
Preloading 0 native plugins for Editor in 0.00 ms.
Warning: Annotation not found!
UnityEngine.StackTraceUtility:ExtractStackTrace ()
UnityEditor.ProBuilder.EditorUtility:SetGizmoIconEnabled (System.Type,bool) (at Library/PackageCache/com.unity.probuilder@4.4.0/Editor/EditorCore/EditorUtility.cs:593)
UnityEditor.ProBuilder.HierarchyListener:.cctor () (at Library/PackageCache/com.unity.probuilder@4.4.0/Editor/EditorCore/HierarchyListener.cs:21)
System.Runtime.CompilerServices.RuntimeHelpers:RunClassConstructor (System.RuntimeTypeHandle)
UnityEditor.EditorAssemblies:ProcessInitializeOnLoadAttributes (System.Type[])

[Library/PackageCache/com.unity.probuilder@4.4.0/Editor/EditorCore/EditorUtility.cs line 593]

Invoked RoslynAnalysisRunner static constructor.
RoslynAnalysisRunner will not be running.
RoslynAnalysisRunner has terminated.
Mono: successfully reloaded assembly
- Completed reload, in  1.352 seconds
Platform modules already initialized, skipping
Refreshing native plugins compatible for Editor in 0.37 ms, found 0 plugins.
Preloading 0 native plugins for Editor in 0.00 ms.
Unloading 1441 Unused Serialized files (Serialized files now loaded: 0)
System memory in use before: 72.2 MB.
System memory in use after: 72.2 MB.

Unloading 8 unused Assets to reduce memory usage. Loaded Objects now: 1925.
Total: 2.878400 ms (FindLiveObjects: 0.167600 ms CreateObjectMapping: 0.053100 ms MarkObjects: 2.493600 ms  DeleteObjects: 0.162100 ms)

========================================================================
Received Prepare
Registering precompiled user dll's ...
Registered in 0.002882 seconds.
Begin MonoManager ReloadAssembly
Native extension for WindowsStandalone target not found
Refreshing native plugins compatible for Editor in 0.47 ms, found 0 plugins.
Preloading 0 native plugins for Editor in 0.00 ms.
Warning: Annotation not found!
UnityEngine.StackTraceUtility:ExtractStackTrace ()
UnityEditor.ProBuilder.EditorUtility:SetGizmoIconEnabled (System.Type,bool) (at Library/PackageCache/com.unity.probuilder@4.4.0/Editor/EditorCore/EditorUtility.cs:593)
UnityEditor.ProBuilder.HierarchyListener:.cctor () (at Library/PackageCache/com.unity.probuilder@4.4.0/Editor/EditorCore/HierarchyListener.cs:21)
System.Runtime.CompilerServices.RuntimeHelpers:RunClassConstructor (System.RuntimeTypeHandle)
UnityEditor.EditorAssemblies:ProcessInitializeOnLoadAttributes (System.Type[])

[Library/PackageCache/com.unity.probuilder@4.4.0/Editor/EditorCore/EditorUtility.cs line 593]

Invoked RoslynAnalysisRunner static constructor.
RoslynAnalysisRunner will not be running.
RoslynAnalysisRunner has terminated.
Mono: successfully reloaded assembly
- Completed reload, in  1.806 seconds
Platform modules already initialized, skipping
Refreshing native plugins compatible for Editor in 0.38 ms, found 0 plugins.
Preloading 0 native plugins for Editor in 0.00 ms.
Unloading 1441 Unused Serialized files (Serialized files now loaded: 0)
System memory in use before: 72.5 MB.
System memory in use after: 72.6 MB.

Unloading 8 unused Assets to reduce memory usage. Loaded Objects now: 1927.
Total: 4.057500 ms (FindLiveObjects: 0.250100 ms CreateObjectMapping: 0.093000 ms MarkObjects: 3.480900 ms  DeleteObjects: 0.231400 ms)

========================================================================
Received Prepare
Registering precompiled user dll's ...
Registered in 0.002819 seconds.
Begin MonoManager ReloadAssembly
Native extension for WindowsStandalone target not found
Refreshing native plugins compatible for Editor in 0.49 ms, found 0 plugins.
Preloading 0 native plugins for Editor in 0.00 ms.
Warning: Annotation not found!
UnityEngine.StackTraceUtility:ExtractStackTrace ()
UnityEditor.ProBuilder.EditorUtility:SetGizmoIconEnabled (System.Type,bool) (at Library/PackageCache/com.unity.probuilder@4.4.0/Editor/EditorCore/EditorUtility.cs:593)
UnityEditor.ProBuilder.HierarchyListener:.cctor () (at Library/PackageCache/com.unity.probuilder@4.4.0/Editor/EditorCore/HierarchyListener.cs:21)
System.Runtime.CompilerServices.RuntimeHelpers:RunClassConstructor (System.RuntimeTypeHandle)
UnityEditor.EditorAssemblies:ProcessInitializeOnLoadAttributes (System.Type[])

[Library/PackageCache/com.unity.probuilder@4.4.0/Editor/EditorCore/EditorUtility.cs line 593]

Invoked RoslynAnalysisRunner static constructor.
RoslynAnalysisRunner will not be running.
RoslynAnalysisRunner has terminated.
Mono: successfully reloaded assembly
- Completed reload, in  1.620 seconds
Platform modules already initialized, skipping
Refreshing native plugins compatible for Editor in 0.55 ms, found 0 plugins.
Preloading 0 native plugins for Editor in 0.00 ms.
Unloading 1441 Unused Serialized files (Serialized files now loaded: 0)
System memory in use before: 72.9 MB.
System memory in use after: 72.9 MB.

Unloading 8 unused Assets to reduce memory usage. Loaded Objects now: 1929.
Total: 3.807000 ms (FindLiveObjects: 0.285100 ms CreateObjectMapping: 0.107800 ms MarkObjects: 3.067500 ms  DeleteObjects: 0.344100 ms)

========================================================================
Received Prepare
Registering precompiled user dll's ...
Registered in 0.002922 seconds.
Begin MonoManager ReloadAssembly
Native extension for WindowsStandalone target not found
Refreshing native plugins compatible for Editor in 0.57 ms, found 0 plugins.
Preloading 0 native plugins for Editor in 0.00 ms.
Warning: Annotation not found!
UnityEngine.StackTraceUtility:ExtractStackTrace ()
UnityEditor.ProBuilder.EditorUtility:SetGizmoIconEnabled (System.Type,bool) (at Library/PackageCache/com.unity.probuilder@4.4.0/Editor/EditorCore/EditorUtility.cs:593)
UnityEditor.ProBuilder.HierarchyListener:.cctor () (at Library/PackageCache/com.unity.probuilder@4.4.0/Editor/EditorCore/HierarchyListener.cs:21)
System.Runtime.CompilerServices.RuntimeHelpers:RunClassConstructor (System.RuntimeTypeHandle)
UnityEditor.EditorAssemblies:ProcessInitializeOnLoadAttributes (System.Type[])

[Library/PackageCache/com.unity.probuilder@4.4.0/Editor/EditorCore/EditorUtility.cs line 593]

Invoked RoslynAnalysisRunner static constructor.
RoslynAnalysisRunner will not be running.
RoslynAnalysisRunner has terminated.
Mono: successfully reloaded assembly
- Completed reload, in  2.102 seconds
Platform modules already initialized, skipping
Refreshing native plugins compatible for Editor in 0.54 ms, found 0 plugins.
Preloading 0 native plugins for Editor in 0.00 ms.
Unloading 1441 Unused Serialized files (Serialized files now loaded: 0)
System memory in use before: 72.2 MB.
System memory in use after: 72.2 MB.

Unloading 8 unused Assets to reduce memory usage. Loaded Objects now: 1931.
Total: 3.556300 ms (FindLiveObjects: 0.335000 ms CreateObjectMapping: 0.102200 ms MarkObjects: 2.907200 ms  DeleteObjects: 0.209500 ms)

========================================================================
Received Import Request.
  Time since last request: 899.202279 seconds.
  path: Assets/UntitledExplosionGame/Scripts/Explosion Scripts/TriggerExplode.cs
  artifactKey: Guid(f8d48bf535a299a459ab6f26904fb58b) Importer(815301076,1909f56bfc062723c751e8b465ee728b)
Start importing Assets/UntitledExplosionGame/Scripts/Explosion Scripts/TriggerExplode.cs using Guid(f8d48bf535a299a459ab6f26904fb58b) Importer(815301076,1909f56bfc062723c751e8b465ee728b)  -> (artifact id: '6c31d95886840438e349b1cde087d2c3') in 0.016704 seconds
  Import took 0.021182 seconds .

========================================================================
Received Prepare
Registering precompiled user dll's ...
Registered in 0.002550 seconds.
Begin MonoManager ReloadAssembly
Native extension for WindowsStandalone target not found
Refreshing native plugins compatible for Editor in 0.51 ms, found 0 plugins.
Preloading 0 native plugins for Editor in 0.00 ms.
Warning: Annotation not found!
UnityEngine.StackTraceUtility:ExtractStackTrace ()
UnityEditor.ProBuilder.EditorUtility:SetGizmoIconEnabled (System.Type,bool) (at Library/PackageCache/com.unity.probuilder@4.4.0/Editor/EditorCore/EditorUtility.cs:593)
UnityEditor.ProBuilder.HierarchyListener:.cctor () (at Library/PackageCache/com.unity.probuilder@4.4.0/Editor/EditorCore/HierarchyListener.cs:21)
System.Runtime.CompilerServices.RuntimeHelpers:RunClassConstructor (System.RuntimeTypeHandle)
UnityEditor.EditorAssemblies:ProcessInitializeOnLoadAttributes (System.Type[])

[Library/PackageCache/com.unity.probuilder@4.4.0/Editor/EditorCore/EditorUtility.cs line 593]

Invoked RoslynAnalysisRunner static constructor.
RoslynAnalysisRunner will not be running.
RoslynAnalysisRunner has terminated.
Mono: successfully reloaded assembly
- Completed reload, in  1.461 seconds
Platform modules already initialized, skipping
Refreshing native plugins compatible for Editor in 0.41 ms, found 0 plugins.
Preloading 0 native plugins for Editor in 0.00 ms.
Unloading 1442 Unused Serialized files (Serialized files now loaded: 0)
System memory in use before: 72.6 MB.
System memory in use after: 72.6 MB.

Unloading 8 unused Assets to reduce memory usage. Loaded Objects now: 1934.
Total: 2.763600 ms (FindLiveObjects: 0.180000 ms CreateObjectMapping: 0.056000 ms MarkObjects: 2.319900 ms  DeleteObjects: 0.205700 ms)

========================================================================
Received Import Request.
  Time since last request: 366.629726 seconds.
  path: Assets/UntitledExplosionGame/Scripts/Explosion Scripts/TriggerExplode.cs
  artifactKey: Guid(f8d48bf535a299a459ab6f26904fb58b) Importer(815301076,1909f56bfc062723c751e8b465ee728b)
Start importing Assets/UntitledExplosionGame/Scripts/Explosion Scripts/TriggerExplode.cs using Guid(f8d48bf535a299a459ab6f26904fb58b) Importer(815301076,1909f56bfc062723c751e8b465ee728b)  -> (artifact id: '99cdaaa1dc54f8b420344526793c3059') in 0.010644 seconds
  Import took 0.015937 seconds .

========================================================================
Received Import Request.
  Time since last request: 280.777836 seconds.
  path: Assets/UntitledExplosionGame/Scripts/Explosion Scripts/TriggerExplode.cs
  artifactKey: Guid(f8d48bf535a299a459ab6f26904fb58b) Importer(815301076,1909f56bfc062723c751e8b465ee728b)
Start importing Assets/UntitledExplosionGame/Scripts/Explosion Scripts/TriggerExplode.cs using Guid(f8d48bf535a299a459ab6f26904fb58b) Importer(815301076,1909f56bfc062723c751e8b465ee728b)  -> (artifact id: 'a59673b79f8d176f8dad3951184ef211') in 0.006344 seconds
  Import took 0.011874 seconds .

========================================================================
Received Import Request.
  Time since last request: 485.550364 seconds.
  path: Assets/UntitledExplosionGame/Scripts/Explosion Scripts/TriggerExplode.cs
  artifactKey: Guid(f8d48bf535a299a459ab6f26904fb58b) Importer(815301076,1909f56bfc062723c751e8b465ee728b)
Start importing Assets/UntitledExplosionGame/Scripts/Explosion Scripts/TriggerExplode.cs using Guid(f8d48bf535a299a459ab6f26904fb58b) Importer(815301076,1909f56bfc062723c751e8b465ee728b)  -> (artifact id: '34fd45b7df69631cede83059a0427153') in 0.007406 seconds
  Import took 0.013684 seconds .

========================================================================
Received Prepare
Registering precompiled user dll's ...
Registered in 0.001938 seconds.
Begin MonoManager ReloadAssembly
Native extension for WindowsStandalone target not found
Refreshing native plugins compatible for Editor in 0.50 ms, found 0 plugins.
Preloading 0 native plugins for Editor in 0.00 ms.
Warning: Annotation not found!
UnityEngine.StackTraceUtility:ExtractStackTrace ()
UnityEditor.ProBuilder.EditorUtility:SetGizmoIconEnabled (System.Type,bool) (at Library/PackageCache/com.unity.probuilder@4.4.0/Editor/EditorCore/EditorUtility.cs:593)
UnityEditor.ProBuilder.HierarchyListener:.cctor () (at Library/PackageCache/com.unity.probuilder@4.4.0/Editor/EditorCore/HierarchyListener.cs:21)
System.Runtime.CompilerServices.RuntimeHelpers:RunClassConstructor (System.RuntimeTypeHandle)
UnityEditor.EditorAssemblies:ProcessInitializeOnLoadAttributes (System.Type[])

[Library/PackageCache/com.unity.probuilder@4.4.0/Editor/EditorCore/EditorUtility.cs line 593]

Invoked RoslynAnalysisRunner static constructor.
RoslynAnalysisRunner will not be running.
RoslynAnalysisRunner has terminated.
Mono: successfully reloaded assembly
- Completed reload, in  1.230 seconds
Platform modules already initialized, skipping
Refreshing native plugins compatible for Editor in 0.34 ms, found 0 plugins.
Preloading 0 native plugins for Editor in 0.00 ms.
Unloading 1442 Unused Serialized files (Serialized files now loaded: 0)
System memory in use before: 72.9 MB.
System memory in use after: 72.9 MB.

Unloading 8 unused Assets to reduce memory usage. Loaded Objects now: 1936.
Total: 3.818800 ms (FindLiveObjects: 0.569800 ms CreateObjectMapping: 0.136800 ms MarkObjects: 2.949900 ms  DeleteObjects: 0.160300 ms)

========================================================================
Received Import Request.
  Time since last request: 1593.326779 seconds.
  path: Assets/UntitledExplosionGame/Scripts/Explosion Scripts/TriggerExplode.cs
  artifactKey: Guid(f8d48bf535a299a459ab6f26904fb58b) Importer(815301076,1909f56bfc062723c751e8b465ee728b)
Start importing Assets/UntitledExplosionGame/Scripts/Explosion Scripts/TriggerExplode.cs using Guid(f8d48bf535a299a459ab6f26904fb58b) Importer(815301076,1909f56bfc062723c751e8b465ee728b)  -> (artifact id: '8b92292eee2603f447835177d4f9aca7') in 0.011242 seconds
  Import took 0.016219 seconds .

========================================================================
Received Prepare
Registering precompiled user dll's ...
Registered in 0.003505 seconds.
Begin MonoManager ReloadAssembly
Native extension for WindowsStandalone target not found
Refreshing native plugins compatible for Editor in 0.34 ms, found 0 plugins.
Preloading 0 native plugins for Editor in 0.00 ms.
Warning: Annotation not found!
UnityEngine.StackTraceUtility:ExtractStackTrace ()
UnityEditor.ProBuilder.EditorUtility:SetGizmoIconEnabled (System.Type,bool) (at Library/PackageCache/com.unity.probuilder@4.4.0/Editor/EditorCore/EditorUtility.cs:593)
UnityEditor.ProBuilder.HierarchyListener:.cctor () (at Library/PackageCache/com.unity.probuilder@4.4.0/Editor/EditorCore/HierarchyListener.cs:21)
System.Runtime.CompilerServices.RuntimeHelpers:RunClassConstructor (System.RuntimeTypeHandle)
UnityEditor.EditorAssemblies:ProcessInitializeOnLoadAttributes (System.Type[])

[Library/PackageCache/com.unity.probuilder@4.4.0/Editor/EditorCore/EditorUtility.cs line 593]

Invoked RoslynAnalysisRunner static constructor.
RoslynAnalysisRunner will not be running.
RoslynAnalysisRunner has terminated.
Mono: successfully reloaded assembly
- Completed reload, in  1.554 seconds
Platform modules already initialized, skipping
Refreshing native plugins compatible for Editor in 0.49 ms, found 0 plugins.
Preloading 0 native plugins for Editor in 0.00 ms.
Unloading 1442 Unused Serialized files (Serialized files now loaded: 0)
System memory in use before: 72.2 MB.
System memory in use after: 72.3 MB.

Unloading 8 unused Assets to reduce memory usage. Loaded Objects now: 1938.
Total: 5.036800 ms (FindLiveObjects: 0.570400 ms CreateObjectMapping: 0.169700 ms MarkObjects: 4.142300 ms  DeleteObjects: 0.151500 ms)

========================================================================
Received Prepare
Registering precompiled user dll's ...
Registered in 0.002004 seconds.
Begin MonoManager ReloadAssembly
Native extension for WindowsStandalone target not found
Refreshing native plugins compatible for Editor in 0.73 ms, found 0 plugins.
Preloading 0 native plugins for Editor in 0.00 ms.
Warning: Annotation not found!
UnityEngine.StackTraceUtility:ExtractStackTrace ()
UnityEditor.ProBuilder.EditorUtility:SetGizmoIconEnabled (System.Type,bool) (at Library/PackageCache/com.unity.probuilder@4.4.0/Editor/EditorCore/EditorUtility.cs:593)
UnityEditor.ProBuilder.HierarchyListener:.cctor () (at Library/PackageCache/com.unity.probuilder@4.4.0/Editor/EditorCore/HierarchyListener.cs:21)
System.Runtime.CompilerServices.RuntimeHelpers:RunClassConstructor (System.RuntimeTypeHandle)
UnityEditor.EditorAssemblies:ProcessInitializeOnLoadAttributes (System.Type[])

[Library/PackageCache/com.unity.probuilder@4.4.0/Editor/EditorCore/EditorUtility.cs line 593]

Invoked RoslynAnalysisRunner static constructor.
RoslynAnalysisRunner will not be running.
RoslynAnalysisRunner has terminated.
Mono: successfully reloaded assembly
- Completed reload, in  1.635 seconds
Platform modules already initialized, skipping
Refreshing native plugins compatible for Editor in 0.41 ms, found 0 plugins.
Preloading 0 native plugins for Editor in 0.00 ms.
Unloading 1442 Unused Serialized files (Serialized files now loaded: 0)
System memory in use before: 72.6 MB.
System memory in use after: 72.6 MB.

Unloading 8 unused Assets to reduce memory usage. Loaded Objects now: 1940.
Total: 3.180400 ms (FindLiveObjects: 0.244600 ms CreateObjectMapping: 0.066700 ms MarkObjects: 2.676800 ms  DeleteObjects: 0.190400 ms)

========================================================================
Received Prepare
Registering precompiled user dll's ...
Registered in 0.002942 seconds.
Begin MonoManager ReloadAssembly
Native extension for WindowsStandalone target not found
Refreshing native plugins compatible for Editor in 0.37 ms, found 0 plugins.
Preloading 0 native plugins for Editor in 0.00 ms.
Warning: Annotation not found!
UnityEngine.StackTraceUtility:ExtractStackTrace ()
UnityEditor.ProBuilder.EditorUtility:SetGizmoIconEnabled (System.Type,bool) (at Library/PackageCache/com.unity.probuilder@4.4.0/Editor/EditorCore/EditorUtility.cs:593)
UnityEditor.ProBuilder.HierarchyListener:.cctor () (at Library/PackageCache/com.unity.probuilder@4.4.0/Editor/EditorCore/HierarchyListener.cs:21)
System.Runtime.CompilerServices.RuntimeHelpers:RunClassConstructor (System.RuntimeTypeHandle)
UnityEditor.EditorAssemblies:ProcessInitializeOnLoadAttributes (System.Type[])

[Library/PackageCache/com.unity.probuilder@4.4.0/Editor/EditorCore/EditorUtility.cs line 593]

Invoked RoslynAnalysisRunner static constructor.
RoslynAnalysisRunner will not be running.
RoslynAnalysisRunner has terminated.
Mono: successfully reloaded assembly
- Completed reload, in  1.521 seconds
Platform modules already initialized, skipping
Refreshing native plugins compatible for Editor in 0.54 ms, found 0 plugins.
Preloading 0 native plugins for Editor in 0.00 ms.
Unloading 1442 Unused Serialized files (Serialized files now loaded: 0)
System memory in use before: 72.9 MB.
System memory in use after: 73.0 MB.

Unloading 8 unused Assets to reduce memory usage. Loaded Objects now: 1942.
Total: 3.880400 ms (FindLiveObjects: 0.350600 ms CreateObjectMapping: 0.175700 ms MarkObjects: 3.108300 ms  DeleteObjects: 0.243100 ms)

========================================================================
Received Prepare
Registering precompiled user dll's ...
Registered in 0.003124 seconds.
Begin MonoManager ReloadAssembly
Native extension for WindowsStandalone target not found
Refreshing native plugins compatible for Editor in 0.36 ms, found 0 plugins.
Preloading 0 native plugins for Editor in 0.00 ms.
Warning: Annotation not found!
UnityEngine.StackTraceUtility:ExtractStackTrace ()
UnityEditor.ProBuilder.EditorUtility:SetGizmoIconEnabled (System.Type,bool) (at Library/PackageCache/com.unity.probuilder@4.4.0/Editor/EditorCore/EditorUtility.cs:593)
UnityEditor.ProBuilder.HierarchyListener:.cctor () (at Library/PackageCache/com.unity.probuilder@4.4.0/Editor/EditorCore/HierarchyListener.cs:21)
System.Runtime.CompilerServices.RuntimeHelpers:RunClassConstructor (System.RuntimeTypeHandle)
UnityEditor.EditorAssemblies:ProcessInitializeOnLoadAttributes (System.Type[])

[Library/PackageCache/com.unity.probuilder@4.4.0/Editor/EditorCore/EditorUtility.cs line 593]

Invoked RoslynAnalysisRunner static constructor.
RoslynAnalysisRunner will not be running.
RoslynAnalysisRunner has terminated.
Mono: successfully reloaded assembly
- Completed reload, in  1.436 seconds
Platform modules already initialized, skipping
Refreshing native plugins compatible for Editor in 0.44 ms, found 0 plugins.
Preloading 0 native plugins for Editor in 0.00 ms.
Unloading 1442 Unused Serialized files (Serialized files now loaded: 0)
System memory in use before: 72.3 MB.
System memory in use after: 72.3 MB.

Unloading 8 unused Assets to reduce memory usage. Loaded Objects now: 1944.
Total: 3.488600 ms (FindLiveObjects: 0.314900 ms CreateObjectMapping: 0.130300 ms MarkObjects: 2.800900 ms  DeleteObjects: 0.240400 ms)

