Using pre-set license
Built from '2020.2/release' branch; Version is '2020.2.2f1 (068178b99f32) revision 426360'; Using compiler version '192528614'; Build Type 'Release'
OS: 'Windows 10 Home; OS build 19042.1237; Version 2009; 64bit' Language: 'en' Physical Memory: 16122 MB
BatchMode: 1, IsHumanControllingUs: 0, StartBugReporterOnCrash: 0, Is64bit: 1, IsPro: 0

 COMMAND LINE ARGUMENTS:
C:\Program Files\Unity\Hub\Editor\2020.2.2f1\Editor\Unity.exe
-adb2
-batchMode
-noUpm
-name
AssetImportWorker0
-projectPath
C:/Users/piehu/Documents/GitHub/UntitledExplosionGame
-logFile
Logs/AssetImportWorker0.log
-srvPort
61246
Successfully changed project path to: C:/Users/piehu/Documents/GitHub/UntitledExplosionGame
C:/Users/piehu/Documents/GitHub/UntitledExplosionGame
Using Asset Import Pipeline V2.
Refreshing native plugins compatible for Editor in 44.68 ms, found 0 plugins.
Preloading 0 native plugins for Editor in 0.00 ms.
Initialize engine version: 2020.2.2f1 (068178b99f32)
[Subsystems] Discovering subsystems at path C:/Program Files/Unity/Hub/Editor/2020.2.2f1/Editor/Data/Resources/UnitySubsystems
[Subsystems] Discovering subsystems at path C:/Users/piehu/Documents/GitHub/UntitledExplosionGame/Assets
GfxDevice: creating device client; threaded=0
Direct3D:
    Version:  Direct3D 11.0 [level 11.1]
    Renderer: NVIDIA GeForce GTX 1650 Ti with Max-Q Design (ID=0x1f95)
    Vendor:   
    VRAM:     3962 MB
    Driver:   27.21.14.6647
Initialize mono
Mono path[0] = 'C:/Program Files/Unity/Hub/Editor/2020.2.2f1/Editor/Data/Managed'
Mono path[1] = 'C:/Program Files/Unity/Hub/Editor/2020.2.2f1/Editor/Data/MonoBleedingEdge/lib/mono/unityjit'
Mono config path = 'C:/Program Files/Unity/Hub/Editor/2020.2.2f1/Editor/Data/MonoBleedingEdge/etc'
Using monoOptions --debugger-agent=transport=dt_socket,embedding=1,server=y,suspend=n,address=127.0.0.1:56500
Begin MonoManager ReloadAssembly
Registering precompiled unity dll's ...
Register platform support module: C:/Program Files/Unity/Hub/Editor/2020.2.2f1/Editor/Data/PlaybackEngines/WindowsStandaloneSupport/UnityEditor.WindowsStandalone.Extensions.dll
Registered in 0.001855 seconds.
Native extension for WindowsStandalone target not found
Refreshing native plugins compatible for Editor in 33.00 ms, found 0 plugins.
Preloading 0 native plugins for Editor in 0.00 ms.
Invoked RoslynAnalysisRunner static constructor.
RoslynAnalysisRunner will not be running.
RoslynAnalysisRunner has terminated.
Mono: successfully reloaded assembly
- Completed reload, in  2.803 seconds
Platform modules already initialized, skipping
Registering precompiled user dll's ...
Registered in 0.000780 seconds.
Begin MonoManager ReloadAssembly
Native extension for WindowsStandalone target not found
Refreshing native plugins compatible for Editor in 0.30 ms, found 0 plugins.
Preloading 0 native plugins for Editor in 0.00 ms.
Invoked RoslynAnalysisRunner static constructor.
RoslynAnalysisRunner will not be running.
RoslynAnalysisRunner has terminated.
Mono: successfully reloaded assembly
- Completed reload, in  1.125 seconds
Platform modules already initialized, skipping
========================================================================
Worker process is ready to serve import requests
Launched and connected shader compiler UnityShaderCompiler.exe after 0.06 seconds
Refreshing native plugins compatible for Editor in 0.39 ms, found 0 plugins.
Preloading 0 native plugins for Editor in 0.00 ms.
Unloading 1471 Unused Serialized files (Serialized files now loaded: 0)
System memory in use before: 73.4 MB.
System memory in use after: 73.4 MB.

Unloading 67 unused Assets to reduce memory usage. Loaded Objects now: 1908.
Total: 3.065600 ms (FindLiveObjects: 0.171000 ms CreateObjectMapping: 0.073200 ms MarkObjects: 2.554800 ms  DeleteObjects: 0.264800 ms)

========================================================================
Received Import Request.
  path: Assets/UntitledExplosionGame/Scenes/MainMenu.unity
  artifactKey: Guid(6c02037bdb0a40544b5a37312c2076b6) Importer(815301076,1909f56bfc062723c751e8b465ee728b)
Start importing Assets/UntitledExplosionGame/Scenes/MainMenu.unity using Guid(6c02037bdb0a40544b5a37312c2076b6) Importer(815301076,1909f56bfc062723c751e8b465ee728b)  -> (artifact id: '7eeb1b3678b4b6f42c33ff189ebbeb97') in 0.019003 seconds
  Import took 0.022854 seconds .

========================================================================
Received Import Request.
  Time since last request: 149.498385 seconds.
  path: Assets/UntitledExplosionGame/Scenes/Level.unity
  artifactKey: Guid(4a32e28115a1a9b4d804b8795a913726) Importer(815301076,1909f56bfc062723c751e8b465ee728b)
Start importing Assets/UntitledExplosionGame/Scenes/Level.unity using Guid(4a32e28115a1a9b4d804b8795a913726) Importer(815301076,1909f56bfc062723c751e8b465ee728b)  -> (artifact id: '75bbc652a59cdd88311ac983575213e3') in 0.012941 seconds
  Import took 0.016422 seconds .

========================================================================
Received Import Request.
  Time since last request: 66.487579 seconds.
  path: Assets/UntitledExplosionGame/Prefabs/base.prefab
  artifactKey: Guid(88f086befccb1f743bfe52724a0e0786) Importer(815301076,1909f56bfc062723c751e8b465ee728b)
Start importing Assets/UntitledExplosionGame/Prefabs/base.prefab using Guid(88f086befccb1f743bfe52724a0e0786) Importer(815301076,1909f56bfc062723c751e8b465ee728b)  -> (artifact id: 'a364346514b22168c4acb924e117f17f') in 0.133255 seconds
  Import took 0.138086 seconds .

========================================================================
Received Import Request.
  Time since last request: 101.870944 seconds.
  path: Assets/UntitledExplosionGame/Prefabs/Player 1.prefab
  artifactKey: Guid(3d37c237277fffd4586be7a42559d191) Importer(815301076,1909f56bfc062723c751e8b465ee728b)
Start importing Assets/UntitledExplosionGame/Prefabs/Player 1.prefab using Guid(3d37c237277fffd4586be7a42559d191) Importer(815301076,1909f56bfc062723c751e8b465ee728b)  -> (artifact id: '127e33c40a4cefced1e41da8466ad6a7') in 0.020165 seconds
  Import took 0.023046 seconds .

========================================================================
Received Import Request.
  Time since last request: 0.027361 seconds.
  path: Assets/UntitledExplosionGame/Prefabs/Player 1.prefab
  artifactKey: Guid(3d37c237277fffd4586be7a42559d191) Importer(815301076,1909f56bfc062723c751e8b465ee728b)
Start importing Assets/UntitledExplosionGame/Prefabs/Player 1.prefab using Guid(3d37c237277fffd4586be7a42559d191) Importer(815301076,1909f56bfc062723c751e8b465ee728b)  -> (artifact id: '127e33c40a4cefced1e41da8466ad6a7') in 0.012030 seconds
  Import took 0.015654 seconds .

AssetImportWorkerClient::OnTransportError - code=2 error=End of file
